<?xml version="1.0" encoding="UTF-8" ?>
<testsuite tests="5" failures="0" name="FileManagerTest" time="0.038" errors="0" skipped="0">
  <properties>
[...]
</properties>
  <testcase classname="FileManagerTest" name="open" time="0.017"/>
  <testcase classname="FileManagerTest" name="save" time="0.007"/>
  <testcase classname="FileManagerTest" name="setTitle" time="0.004"/>
  <testcase classname="FileManagerTest" name="newFile" time="0.002"/>
  <testcase classname="FileManagerTest" name="changeSavedState" time="0.008"/>
</testsuite>